Username must have at least 3 character and no special character - 500 - 14979 ms
Username must have at least 3 character and no special character - 500 - 27008 ms
E11000 duplicate key error collection: netflix.users index: username_1 dup key: { username: "NguyenNhatAnh" } - 500 - NaN ms
Not Found - 404 - NaN ms
Operation `users.findOne()` buffering timed out after 10000ms - 500 - NaN ms
Operation `users.findOne()` buffering timed out after 10000ms - 500 - NaN ms
Operation `users.findOne()` buffering timed out after 10000ms - 500 - NaN ms
Operation `users.findOne()` buffering timed out after 10000ms - 500 - NaN ms
Operation `users.findOne()` buffering timed out after 10000ms - 500 - NaN ms
Operation `users.findOne()` buffering timed out after 10000ms - 500 - NaN ms
Operation `users.findOne()` buffering timed out after 10000ms - 500 - NaN ms
Operation `users.findOne()` buffering timed out after 10000ms - 500 - NaN ms
Operation `users.findOne()` buffering timed out after 10000ms - 500 - NaN ms
Email or Passsord not correct - 400 - 3286 ms
Email or Passsord not correct - 400 - 9423 ms
Get User Info Failed - 400 - 32438 ms
Get User Info Failed - 400 - 49392 ms
Get User Info Failed - 400 - 72015 ms
Get User Info Failed - 400 - 4687 ms
Get User Info Failed - 400 - 4873 ms
Get User Info Failed - 400 - 116290 ms
Get User Info Failed - 400 - 141940 ms
Get User Info Failed - 400 - 160705 ms
Get User Info Failed - 400 - 224715 ms
Get User Info Failed - 400 - 8643 ms
Get User Info Failed - 400 - 107660 ms
Get User Info Failed - 400 - 188201 ms
Get User Info Failed - 400 - 228794 ms
Get User Info Failed - 400 - 291956 ms
Get User Info Failed - 400 - 29815 ms
Get User Info Failed - 400 - 10382 ms
Get User Info Failed - 400 - 7548 ms
Get User Info Failed - 400 - 3336 ms
Get User Info Failed - 400 - 7055 ms
Get User Info Failed - 400 - 5013 ms
Get User Info Failed - 400 - 5726 ms
Get User Info Failed - 400 - 4530 ms
Get User Info Failed - 400 - 5000 ms
Cannot read properties of null (reading 'BuyPackage') - 500 - NaN ms
Cannot read properties of null (reading 'BuyPackage') - 500 - NaN ms
Cannot read properties of null (reading 'BuyPackage') - 500 - NaN ms
Cannot read properties of null (reading 'BuyPackage') - 500 - NaN ms
Cannot read properties of null (reading 'BuyPackage') - 500 - NaN ms
Cannot read properties of null (reading 'BuyPackage') - 500 - NaN ms
Cannot read properties of null (reading 'BuyPackage') - 500 - NaN ms
Cannot read properties of null (reading 'BuyPackage') - 500 - NaN ms
Unauthenticated - 402 - 221614 ms
Unauthenticated - 402 - 221619 ms
Unauthenticated - 402 - 274493 ms
Unauthenticated - 402 - 274499 ms
Unauthenticated - 402 - 275227 ms
Unauthenticated - 401 - 145695 ms
Unauthenticated - 401 - 157689 ms
Unauthenticated - 401 - 159389 ms
Unauthenticated - 401 - 166784 ms
Unauthenticated - 401 - 166791 ms
Unauthenticated - 401 - 207686 ms
Unauthenticated - 401 - 208685 ms
Unauthenticated - 401 - 237684 ms
Unauthenticated - 401 - 248681 ms
Unauthenticated - 401 - 273620 ms
Unauthenticated - 401 - 278023 ms
Unauthenticated - 401 - 278030 ms
Unauthenticated - 401 - 278329 ms
Unauthenticated - 401 - 290681 ms
Unauthenticated - 401 - 296685 ms
Unauthenticated - 401 - 48319 ms
Unauthenticated - 401 - 4657 ms
Unauthenticated - 401 - 2843 ms
Unauthenticated - 401 - 2845 ms
Unauthenticated - 401 - 2276 ms
