Cannot read properties of undefined (reading 'getError') - 500 - NaN ms
Cannot read properties of undefined (reading 'getError') - 500 - NaN ms
Cannot read properties of undefined (reading 'getError') - 500 - NaN ms
Cannot read properties of undefined (reading 'getError') - 500 - NaN ms
Cannot read properties of undefined (reading 'getError') - 500 - NaN ms
Cannot read properties of undefined (reading 'getError') - 500 - NaN ms
Cannot read properties of undefined (reading 'getError') - 500 - NaN ms
Cannot read properties of undefined (reading 'getError') - 500 - NaN ms
Get Catalog of movie failed - 400 - 74176 ms
Get Catalog of movie failed - 400 - 3769 ms
Cannot read properties of undefined (reading 'getError') - 500 - NaN ms
Cannot read properties of undefined (reading 'getError') - 500 - NaN ms
Cannot read properties of undefined (reading 'getError') - 500 - NaN ms
Cannot read properties of undefined (reading 'getError') - 500 - NaN ms
Cannot read properties of undefined (reading 'getError') - 500 - NaN ms
Cannot read properties of undefined (reading 'getError') - 500 - NaN ms
Cannot read properties of undefined (reading 'getError') - 500 - NaN ms
Cannot read properties of undefined (reading 'getError') - 500 - NaN ms
Cannot read properties of undefined (reading 'getError') - 500 - NaN ms
Cannot read properties of undefined (reading 'getError') - 500 - NaN ms
Cannot read properties of undefined (reading 'getError') - 500 - NaN ms
Cannot read properties of undefined (reading 'getError') - 500 - NaN ms
Cannot read properties of undefined (reading 'getError') - 500 - NaN ms
Cannot read properties of undefined (reading 'getError') - 500 - NaN ms
Cannot read properties of undefined (reading 'getError') - 500 - NaN ms
Cannot read properties of undefined (reading 'getError') - 500 - NaN ms
Cannot read properties of undefined (reading 'getError') - 500 - NaN ms
this.mostPopularMovies is not a function - 500 - NaN ms
this.mostPopularMovies is not a function - 500 - NaN ms
this.mostPopularMovies is not a function - 500 - NaN ms
this.mostPopularMovies is not a function - 500 - NaN ms
this.mostPopularMovies is not a function - 500 - NaN ms
this.mostPopularMovies is not a function - 500 - NaN ms
this.mostPopularMovies is not a function - 500 - NaN ms
this.mostPopularMovies is not a function - 500 - NaN ms
this.mostPopularMovies is not a function - 500 - NaN ms
this.mostPopularMovies is not a function - 500 - NaN ms
this.mostPopularMovies is not a function - 500 - NaN ms
this.mostPopularMovies is not a function - 500 - NaN ms
this.mostPopularMovies is not a function - 500 - NaN ms
this.mostPopularMovies is not a function - 500 - NaN ms
this.mostPopularMovies is not a function - 500 - NaN ms
this.mostPopularMovies is not a function - 500 - NaN ms
_ is not defined - 500 - NaN ms
_ is not defined - 500 - NaN ms
_ is not defined - 500 - NaN ms
_ is not defined - 500 - NaN ms
_ is not defined - 500 - NaN ms
_ is not defined - 500 - NaN ms
_ is not defined - 500 - NaN ms
_ is not defined - 500 - NaN ms
_ is not defined - 500 - NaN ms
_ is not defined - 500 - NaN ms
Cannot read properties of undefined (reading 'getError') - 500 - NaN ms
Cannot read properties of undefined (reading 'getError') - 500 - NaN ms
Cannot read properties of undefined (reading 'getError') - 500 - NaN ms
Cannot read properties of undefined (reading 'getError') - 500 - NaN ms
Cannot read properties of undefined (reading 'getError') - 500 - NaN ms
Cannot read properties of undefined (reading 'getError') - 500 - NaN ms
Cannot read properties of undefined (reading 'getError') - 500 - NaN ms
Not Found - 404 - NaN ms
Not Found - 404 - NaN ms
Not Found - 404 - NaN ms
Cannot read properties of undefined (reading 'getError') - 500 - NaN ms
Cannot read properties of undefined (reading 'getError') - 500 - NaN ms
Cannot read properties of undefined (reading 'getError') - 500 - NaN ms
Cannot read properties of undefined (reading 'getError') - 500 - NaN ms
Cannot read properties of undefined (reading 'getError') - 500 - NaN ms
Cannot read properties of undefined (reading 'getError') - 500 - NaN ms
Cannot read properties of undefined (reading 'getError') - 500 - NaN ms
Cannot read properties of undefined (reading 'getError') - 500 - NaN ms
Cannot read properties of undefined (reading 'getError') - 500 - NaN ms
Cannot read properties of undefined (reading 'getError') - 500 - NaN ms
Cannot read properties of undefined (reading 'getError') - 500 - NaN ms
Cannot read properties of undefined (reading 'getError') - 500 - NaN ms
Cannot read properties of undefined (reading 'getError') - 500 - NaN ms
Cannot read properties of undefined (reading 'getError') - 500 - NaN ms
Post New Comment Failed - 400 - 571524 ms
Post New Comment Failed - 400 - 14292 ms
Post New Comment Failed - 400 - 3314 ms
Post New Comment Failed - 400 - 4806 ms
Post New Comment Failed - 400 - 2891 ms
Post New Comment Failed - 400 - 5598 ms
Create new list movie failed - 400 - 115625 ms
Create new list movie failed - 400 - 115646 ms
Create new list movie failed - 400 - 154298 ms
Create new list movie failed - 400 - 4118 ms
Create new list movie failed - 400 - 4141 ms
Create new list movie failed - 400 - 33716 ms
Create new list movie failed - 400 - 33743 ms
Create new list movie failed - 400 - 4956 ms
Create new list movie failed - 400 - 4975 ms
Get list movie failed - 400 - 4521 ms
Get list movie failed - 400 - 7417 ms
Get list movie failed - 400 - 4524 ms
Get list movie failed - 400 - 7318 ms
Get list movie failed - 400 - 4689 ms
Get list movie failed - 400 - 7624 ms
Update Rating failed for movie - 400 - 12977 ms
Update Rating failed for movie - 400 - 11336 ms
Update Rating failed for movie - 400 - 4769 ms
Update Rating failed for movie - 400 - 12500 ms
Get movies info failed - 400 - 13533 ms
This movie not found - 400 - 13534 ms
Get movies info failed - 400 - 19631 ms
This movie not found - 400 - 19633 ms
Get movies info failed - 400 - 21135 ms
This movie not found - 400 - 21136 ms
This movie not found - 400 - 25634 ms
Get movies info failed - 400 - 25636 ms
This movie not found - 400 - 35655 ms
Get movies info failed - 400 - 35656 ms
Get Rating Errors Failed - 400 - 80317 ms
Get Rating Errors Failed - 400 - 94315 ms
Get Rating Errors Failed - 400 - 106313 ms
Get Rating Errors Failed - 400 - 107094 ms
Get Rating Errors Failed - 400 - 111829 ms
Get Rating Errors Failed - 400 - 128303 ms
Get Rating Errors Failed - 400 - 132310 ms
Get Rating Errors Failed - 400 - 160880 ms
Get Rating Errors Failed - 400 - 17806 ms
Get Rating Errors Failed - 400 - 2273 ms
Get Rating Errors Failed - 400 - 2312 ms
Not Found - 404 - NaN ms
Unauthenticated - 401 - 51031 ms
Elastic search search text failed - 400 - 75679 ms
Converting circular structure to JSON
    --> starting at object with constructor 'ClientRequest'
    |     property 'res' -> object with constructor 'IncomingMessage'
    --- property 'req' closes the circle - 500 - NaN ms
Unauthenticated - 401 - 952351 ms
Unauthenticated - 401 - 996211 ms
Unauthenticated - 401 - 1002481 ms
Unauthenticated - 401 - 1002770 ms
Unauthenticated - 401 - 1002961 ms
Unauthenticated - 401 - 1003088 ms
Unauthenticated - 401 - 1003252 ms
Unauthenticated - 401 - 1003321 ms
Unauthenticated - 401 - 1003433 ms
Unauthenticated - 401 - 1003544 ms
Unauthenticated - 401 - 1003640 ms
Elastic search search text failed - 400 - 48759 ms
Elastic search search text failed - 400 - 49468 ms
Elastic search search text failed - 400 - 4858 ms
Elastic search search text failed - 400 - 2206 ms
Elastic search search text failed - 400 - 2330 ms
Elastic search search text failed - 400 - 782 ms
Elastic search search text failed - 400 - 32922 ms
Elastic search search text failed - 400 - 62443 ms
Elastic search search text failed - 400 - 2297 ms
Elastic search search text failed - 400 - 5774 ms
Elastic search search text failed - 400 - 3519 ms
Elastic search search text failed - 400 - 3024 ms
This movie not found - 400 - 104856 ms
This movie not found - 400 - 104865 ms
This movie not found - 400 - 104875 ms
This movie not found - 400 - 104884 ms
This movie not found - 400 - 104895 ms
This movie not found - 400 - 104906 ms
This movie not found - 400 - 104947 ms
This movie not found - 400 - 104960 ms
This movie not found - 400 - 104975 ms
This movie not found - 400 - 105006 ms
This movie not found - 400 - 105021 ms
This movie not found - 400 - 105035 ms
